Tue 14 May 2024 06:48:22 AM UTC: 
 tests:  0|5
total_score: 0/70
1213041
Tue 14 May 2024 07:02:15 AM UTC: 
 sudoku.c | 14 ++++++++++++++
 1 file changed, 14 insertions(+)
 tests:  0|5
total_score: 0/70
a3b4d7c
Tue 14 May 2024 07:03:33 AM UTC: 
 sudoku.c | 8 ++++----
 1 file changed, 4 insertions(+), 4 deletions(-)
 tests:  0|5
total_score: 0/70
ddeef16
Tue 14 May 2024 07:10:01 AM UTC: 
 sudoku.c | 17 +++++++++--------
 1 file changed, 9 insertions(+), 8 deletions(-)
 tests:  0|5
total_score: 0/70
c1014b2
Tue 14 May 2024 07:11:06 AM UTC: 
 sudoku.c | 5 +++--
 1 file changed, 3 insertions(+), 2 deletions(-)
In file included from test.c:5:
sudoku.c: In function ‘get_adj_nodes’:
sudoku.c:67:17: error: ‘aux’ may be used uninitialized in this function [-Werror=maybe-uninitialized]
   67 |                 pushBack(list,aux);
      |                 ^~~~~~~~~~~~~~~~~~
cc1: all warnings being treated as errors
Compilation failed
b9ee5d7
Tue 14 May 2024 07:11:37 AM UTC: 
 sudoku.c | 3 ++-
 1 file changed, 2 insertions(+), 1 deletion(-)
 tests:  0|5
total_score: 0/70
58a2ddd
Tue 14 May 2024 07:12:45 AM UTC: 
 sudoku.c | 10 +++++++++-
 1 file changed, 9 insertions(+), 1 deletion(-)
 tests:  0|5
total_score: 0/70
d91a845
Tue 14 May 2024 07:13:05 AM UTC: 
 sudoku.c | 1 -
 1 file changed, 1 deletion(-)
 tests:  0|5
total_score: 0/70
1844689
Tue 14 May 2024 07:16:55 AM UTC: 
 sudoku.c | 11 +++--------
 1 file changed, 3 insertions(+), 8 deletions(-)
 tests:  0|5
total_score: 0/70
4f45993
Wed 15 May 2024 11:16:45 PM UTC: 
 sudoku.c | 15 ---------------
 1 file changed, 15 deletions(-)
In file included from test.c:5:
sudoku.c: In function ‘get_adj_nodes’:
sudoku.c:57:11: error: unused variable ‘j’ [-Werror=unused-variable]
   57 |     int i,j;
      |           ^
sudoku.c:57:9: error: unused variable ‘i’ [-Werror=unused-variable]
   57 |     int i,j;
      |         ^
sudoku.c:56:9: error: unused variable ‘o’ [-Werror=unused-variable]
   56 |     int o = 1;
      |         ^
cc1: all warnings being treated as errors
Compilation failed
cf5152e
Thu 16 May 2024 01:11:57 AM UTC: 
 sudoku.c | 13 ++++++++++++-
 1 file changed, 12 insertions(+), 1 deletion(-)
 tests:  0|5
total_score: 0/70
69006c2
Thu 16 May 2024 01:12:39 AM UTC: 
 sudoku.c | 1 +
 1 file changed, 1 insertion(+)
In file included from test.c:5:
sudoku.c: In function ‘get_adj_nodes’:
sudoku.c:67:41: error: passing argument 2 of ‘pushBack’ makes pointer from integer without a cast [-Werror=int-conversion]
   67 |                 pushBack(list,n->sudo[i][j])
      |                               ~~~~~~~~~~^~~
      |                                         |
      |                                         int
In file included from test.c:4:
list.h:23:33: note: expected ‘void *’ but argument is of type ‘int’
   23 | void pushBack(List* list, void* data);
      |                           ~~~~~~^~~~
In file included from test.c:5:
sudoku.c:67:45: error: expected ‘;’ before ‘}’ token
   67 |                 pushBack(list,n->sudo[i][j])
      |                                             ^
      |                                             ;
   68 |              }
      |              ~                               
cc1: all warnings being treated as errors
Compilation failed
e2268ab
Thu 16 May 2024 01:12:59 AM UTC: 
 sudoku.c | 2 +-
 1 file changed, 1 insertion(+), 1 deletion(-)
 tests:  0|5
total_score: 0/70
dfab1ff
Thu 16 May 2024 01:13:22 AM UTC: 
 sudoku.c | 2 +-
 1 file changed, 1 insertion(+), 1 deletion(-)
 tests:  0|5
total_score: 0/70
354c8ea
Thu 16 May 2024 01:14:57 AM UTC: 
 sudoku.c | 2 +-
 1 file changed, 1 insertion(+), 1 deletion(-)
 tests:  0|5
total_score: 0/70
f6638de
Thu 16 May 2024 01:15:44 AM UTC: 
 sudoku.c | 3 +++
 1 file changed, 3 insertions(+)
 tests:  0|5
total_score: 0/70
0b38b0c
Thu 16 May 2024 01:18:16 AM UTC: 
 sudoku.c | 3 ++-
 1 file changed, 2 insertions(+), 1 deletion(-)
 tests:  0|5
total_score: 0/70
5941d3a
Thu 16 May 2024 01:18:43 AM UTC: 
 sudoku.c | 6 ++----
 1 file changed, 2 insertions(+), 4 deletions(-)
 tests:  0|5
total_score: 0/70
3769293
Thu 16 May 2024 01:19:58 AM UTC: 
 sudoku.c | 3 ++-
 1 file changed, 2 insertions(+), 1 deletion(-)
 tests:  0|5
total_score: 0/70
6e65842
Thu 16 May 2024 01:20:50 AM UTC: 
 sudoku.c | 3 ++-
 1 file changed, 2 insertions(+), 1 deletion(-)
 tests:  0|5
total_score: 0/70
ba007b3
Thu 16 May 2024 01:21:16 AM UTC: 
 sudoku.c | 2 --
 1 file changed, 2 deletions(-)
 tests:  0|5
total_score: 0/70
71c036d
Thu 16 May 2024 01:21:28 AM UTC: 
 sudoku.c | 1 +
 1 file changed, 1 insertion(+)
 tests:  0|5
total_score: 0/70
0f90106
Thu 16 May 2024 01:21:59 AM UTC: 
 sudoku.c | 2 +-
 1 file changed, 1 insertion(+), 1 deletion(-)
 tests:  0|5
total_score: 0/70
eff2440
Thu 16 May 2024 01:25:33 AM UTC: 
 sudoku.c | 9 +++++----
 1 file changed, 5 insertions(+), 4 deletions(-)
 tests:  0|5
total_score: 0/70
3395355
Thu 16 May 2024 01:27:28 AM UTC: 
 sudoku.c | 12 ++++++------
 1 file changed, 6 insertions(+), 6 deletions(-)
In file included from test.c:5:
sudoku.c: In function ‘get_adj_nodes’:
sudoku.c:66:44: error: ‘adj’ undeclared (first use in this function); did you mean ‘adj2’?
   66 |                          Node* adj2 = copy(adj);
      |                                            ^~~
      |                                            adj2
sudoku.c:66:44: note: each undeclared identifier is reported only once for each function it appears in
Compilation failed
bfe6f50
Thu 16 May 2024 01:27:36 AM UTC: 
 sudoku.c | 2 +-
 1 file changed, 1 insertion(+), 1 deletion(-)
 tests:  2|4
total_score: 15/70
bccc4a7
Thu 16 May 2024 01:41:34 AM UTC: 
 sudoku.c | 30 ++++++++++++++++++++++++++++++
 1 file changed, 30 insertions(+)
 tests:  5|3
total_score: 35/70
308bdd3
Thu 16 May 2024 02:36:41 AM UTC: 
 sudoku.c | 8 ++++++++
 1 file changed, 8 insertions(+)
 tests:  5|3
total_score: 35/70
1bbc0fe
Thu 16 May 2024 02:37:18 AM UTC: 
 sudoku.c | 2 +-
 1 file changed, 1 insertion(+), 1 deletion(-)
 tests:  6|2
total_score: 45/70
ec3f509
Thu 16 May 2024 03:15:02 AM UTC: 
 sudoku.c | 17 +++++++++++++++++
 1 file changed, 17 insertions(+)
 tests:  6|2
total_score: 45/70
ef9a041
Thu 16 May 2024 03:17:37 AM UTC: 
 sudoku.c | 2 +-
 1 file changed, 1 insertion(+), 1 deletion(-)
 tests:  6|2
total_score: 45/70
5717f47
Thu 16 May 2024 03:18:04 AM UTC: 
 sudoku.c | 2 +-
 1 file changed, 1 insertion(+), 1 deletion(-)
 tests:  6|2
total_score: 45/70
7345ab5
Thu 16 May 2024 03:28:12 AM UTC: 
 sudoku.c | 18 ++----------------
 1 file changed, 2 insertions(+), 16 deletions(-)
 tests:  6|2
total_score: 45/70
ae4786b
Thu 16 May 2024 03:28:40 AM UTC: 
 sudoku.c | 7 +++++++
 1 file changed, 7 insertions(+)
 tests:  6|2
total_score: 45/70
3509f39
Thu 16 May 2024 03:32:02 AM UTC: 
 sudoku.c | 2 +-
 1 file changed, 1 insertion(+), 1 deletion(-)
 tests:  6|2
total_score: 45/70
24300e2
Thu 16 May 2024 03:33:49 AM UTC: 
 sudoku.c | 2 +-
 1 file changed, 1 insertion(+), 1 deletion(-)
 tests:  6|2
total_score: 45/70
dafa532
Thu 16 May 2024 03:34:06 AM UTC: 
 sudoku.c | 2 +-
 1 file changed, 1 insertion(+), 1 deletion(-)
 tests:  6|2
total_score: 45/70
70d1b1a
Thu 16 May 2024 03:39:26 AM UTC: 
 sudoku.c | 2 +-
 1 file changed, 1 insertion(+), 1 deletion(-)
 tests:  6|2
total_score: 45/70
2f26a2c
Thu 16 May 2024 03:45:34 AM UTC: 
 sudoku.c | 24 +++++++++++++++++-------
 1 file changed, 17 insertions(+), 7 deletions(-)
In file included from test.c:5:
sudoku.c: In function ‘is_valid’:
sudoku.c:81:13: error: unknown type name ‘bool’
   81 |             bool arr[9 + 1] = 0;
      |             ^~~~
sudoku.c:4:1: note: ‘bool’ is defined in header ‘<stdbool.h>’; did you forget to ‘#include <stdbool.h>’?
    3 | #include "list.h"
  +++ |+#include <stdbool.h>
    4 | 
sudoku.c:81:31: error: invalid initializer
   81 |             bool arr[9 + 1] = 0;
      |                               ^
sudoku.c:85:31: error: ‘sudoku’ undeclared (first use in this function)
   85 |                     int num = sudoku[filaInicio + i][colInicio + j];
      |                               ^~~~~~
sudoku.c:85:31: note: each undeclared identifier is reported only once for each function it appears in
Compilation failed
2e27644
Thu 16 May 2024 03:48:14 AM UTC: 
 sudoku.c | 4 +---
 1 file changed, 1 insertion(+), 3 deletions(-)
In file included from test.c:5:
sudoku.c: In function ‘is_valid’:
sudoku.c:83:48: error: subscripted value is neither array nor pointer nor vector
   83 |                     int num = n[filaInicio + i][colInicio + j];
      |                                                ^
Compilation failed
7b14481
Thu 16 May 2024 03:48:37 AM UTC: 
 sudoku.c | 2 +-
 1 file changed, 1 insertion(+), 1 deletion(-)
 tests:  1|4
total_score: 10/70
a37847d
Thu 16 May 2024 03:52:51 AM UTC: 
 sudoku.c | 3 ++-
 1 file changed, 2 insertions(+), 1 deletion(-)
 tests:  7|1
total_score: 55/70
1b01a6b
Thu 16 May 2024 03:55:03 AM UTC: 
 sudoku.c | 1 -
 1 file changed, 1 deletion(-)
 tests:  7|1
total_score: 55/70
353e73f
Thu 16 May 2024 04:13:22 AM UTC: 
 sudoku.c | 19 +++++++++++++++++++
 1 file changed, 19 insertions(+)
 tests:  8|1
total_score: 60/70
cc19864
Thu 16 May 2024 04:15:48 AM UTC: 
 sudoku.c | 5 ++++-
 1 file changed, 4 insertions(+), 1 deletion(-)
 tests:  8|1
total_score: 60/70
33ccbf4
Thu 16 May 2024 04:18:38 AM UTC: 
 sudoku.c | 4 +---
 1 file changed, 1 insertion(+), 3 deletions(-)
test.c: In function ‘DFS’:
test.c:245:5: error: ‘main’ is normally a non-static function [-Werror=main]
  245 | int main( int argc, char *argv[] ) {
      |     ^~~~
test.c:262:1: error: expected declaration or statement at end of input
  262 | }
      | ^
At top level:
test.c:245:5: error: ‘main’ defined but not used [-Werror=unused-function]
  245 | int main( int argc, char *argv[] ) {
      |     ^~~~
test.c:7:8: error: ‘_strdup’ defined but not used [-Werror=unused-function]
    7 | char * _strdup(const char * str) {
      |        ^~~~~~~
cc1: all warnings being treated as errors
Compilation failed
bcd6149
Thu 16 May 2024 04:22:16 AM UTC: 
 sudoku.c | 3 ---
 1 file changed, 3 deletions(-)
test.c: In function ‘DFS’:
test.c:245:5: error: ‘main’ is normally a non-static function [-Werror=main]
  245 | int main( int argc, char *argv[] ) {
      |     ^~~~
test.c:262:1: error: expected declaration or statement at end of input
  262 | }
      | ^
At top level:
test.c:245:5: error: ‘main’ defined but not used [-Werror=unused-function]
  245 | int main( int argc, char *argv[] ) {
      |     ^~~~
test.c:7:8: error: ‘_strdup’ defined but not used [-Werror=unused-function]
    7 | char * _strdup(const char * str) {
      |        ^~~~~~~
cc1: all warnings being treated as errors
Compilation failed
3a14ced
Thu 16 May 2024 04:30:25 AM UTC: 
 sudoku.c | 4 ++--
 1 file changed, 2 insertions(+), 2 deletions(-)
In file included from test.c:5:
sudoku.c: In function ‘DFS’:
sudoku.c:144:20: error: void value not ignored as it ought to be
  144 |          Node* n = pop(s);
      |                    ^~~
test.c:245:5: error: ‘main’ is normally a non-static function [-Werror=main]
  245 | int main( int argc, char *argv[] ) {
      |     ^~~~
test.c:262:1: error: expected declaration or statement at end of input
  262 | }
      | ^
At top level:
test.c:245:5: error: ‘main’ defined but not used [-Werror=unused-function]
  245 | int main( int argc, char *argv[] ) {
      |     ^~~~
test.c:7:8: error: ‘_strdup’ defined but not used [-Werror=unused-function]
    7 | char * _strdup(const char * str) {
      |        ^~~~~~~
cc1: all warnings being treated as errors
Compilation failed
8e8e53a
Thu 16 May 2024 04:30:48 AM UTC: 
 sudoku.c | 4 ++--
 1 file changed, 2 insertions(+), 2 deletions(-)
test.c: In function ‘DFS’:
test.c:245:5: error: ‘main’ is normally a non-static function [-Werror=main]
  245 | int main( int argc, char *argv[] ) {
      |     ^~~~
test.c:262:1: error: expected declaration or statement at end of input
  262 | }
      | ^
At top level:
test.c:245:5: error: ‘main’ defined but not used [-Werror=unused-function]
  245 | int main( int argc, char *argv[] ) {
      |     ^~~~
test.c:7:8: error: ‘_strdup’ defined but not used [-Werror=unused-function]
    7 | char * _strdup(const char * str) {
      |        ^~~~~~~
cc1: all warnings being treated as errors
Compilation failed
454ecbf
Thu 16 May 2024 04:32:26 AM UTC: 
 sudoku.c | 2 +-
 1 file changed, 1 insertion(+), 1 deletion(-)
test.c: In function ‘DFS’:
test.c:245:5: error: ‘main’ is normally a non-static function [-Werror=main]
  245 | int main( int argc, char *argv[] ) {
      |     ^~~~
test.c:262:1: error: expected declaration or statement at end of input
  262 | }
      | ^
At top level:
test.c:245:5: error: ‘main’ defined but not used [-Werror=unused-function]
  245 | int main( int argc, char *argv[] ) {
      |     ^~~~
test.c:7:8: error: ‘_strdup’ defined but not used [-Werror=unused-function]
    7 | char * _strdup(const char * str) {
      |        ^~~~~~~
cc1: all warnings being treated as errors
Compilation failed
d1cad4a
Thu 16 May 2024 04:33:36 AM UTC: 
 sudoku.c | 2 +-
 1 file changed, 1 insertion(+), 1 deletion(-)
test.c: In function ‘DFS’:
test.c:245:5: error: ‘main’ is normally a non-static function [-Werror=main]
  245 | int main( int argc, char *argv[] ) {
      |     ^~~~
test.c:262:1: error: expected declaration or statement at end of input
  262 | }
      | ^
At top level:
test.c:245:5: error: ‘main’ defined but not used [-Werror=unused-function]
  245 | int main( int argc, char *argv[] ) {
      |     ^~~~
test.c:7:8: error: ‘_strdup’ defined but not used [-Werror=unused-function]
    7 | char * _strdup(const char * str) {
      |        ^~~~~~~
cc1: all warnings being treated as errors
Compilation failed
0024365
Thu 16 May 2024 04:37:06 AM UTC: 
 sudoku.c | 1 +
 1 file changed, 1 insertion(+)
test.c: In function ‘DFS’:
test.c:245:5: error: ‘main’ is normally a non-static function [-Werror=main]
  245 | int main( int argc, char *argv[] ) {
      |     ^~~~
test.c:262:1: error: expected declaration or statement at end of input
  262 | }
      | ^
At top level:
test.c:245:5: error: ‘main’ defined but not used [-Werror=unused-function]
  245 | int main( int argc, char *argv[] ) {
      |     ^~~~
test.c:7:8: error: ‘_strdup’ defined but not used [-Werror=unused-function]
    7 | char * _strdup(const char * str) {
      |        ^~~~~~~
cc1: all warnings being treated as errors
Compilation failed
cffbae7
Thu 16 May 2024 04:38:46 AM UTC: 
 sudoku.c | 1 -
 1 file changed, 1 deletion(-)
test.c: In function ‘DFS’:
test.c:245:5: error: ‘main’ is normally a non-static function [-Werror=main]
  245 | int main( int argc, char *argv[] ) {
      |     ^~~~
test.c:262:1: error: expected declaration or statement at end of input
  262 | }
      | ^
At top level:
test.c:245:5: error: ‘main’ defined but not used [-Werror=unused-function]
  245 | int main( int argc, char *argv[] ) {
      |     ^~~~
test.c:7:8: error: ‘_strdup’ defined but not used [-Werror=unused-function]
    7 | char * _strdup(const char * str) {
      |        ^~~~~~~
cc1: all warnings being treated as errors
Compilation failed
a3950fe
Thu 16 May 2024 04:39:16 AM UTC: 
 sudoku.c | 2 +-
 1 file changed, 1 insertion(+), 1 deletion(-)
 tests:  8|1
total_score: 60/70
00ff643
Thu 16 May 2024 04:39:32 AM UTC: 
 sudoku.c | 3 +--
 1 file changed, 1 insertion(+), 2 deletions(-)
In file included from test.c:5:
sudoku.c: In function ‘DFS’:
sudoku.c:162:1: error: unterminated comment
  162 | /*
      | ^
test.c:245:5: error: ‘main’ is normally a non-static function [-Werror=main]
  245 | int main( int argc, char *argv[] ) {
      |     ^~~~
test.c:262:1: error: expected declaration or statement at end of input
  262 | }
      | ^
At top level:
test.c:245:5: error: ‘main’ defined but not used [-Werror=unused-function]
  245 | int main( int argc, char *argv[] ) {
      |     ^~~~
test.c:7:8: error: ‘_strdup’ defined but not used [-Werror=unused-function]
    7 | char * _strdup(const char * str) {
      |        ^~~~~~~
cc1: all warnings being treated as errors
Compilation failed
22f4610
Thu 16 May 2024 04:39:37 AM UTC: 
 sudoku.c | 2 --
 1 file changed, 2 deletions(-)
In file included from test.c:5:
sudoku.c: In function ‘DFS’:
sudoku.c:161:5: error: ‘main’ is normally a non-static function [-Werror=main]
  161 | int main( int argc, char *argv[] ){
      |     ^~~~
test.c:245:5: error: ‘main’ is normally a non-static function [-Werror=main]
  245 | int main( int argc, char *argv[] ) {
      |     ^~~~
test.c:245:5: error: redefinition of ‘main’
In file included from test.c:5:
sudoku.c:161:5: note: previous definition of ‘main’ with type ‘int(int,  char **)’
  161 | int main( int argc, char *argv[] ){
      |     ^~~~
test.c:262:1: error: expected declaration or statement at end of input
  262 | }
      | ^
At top level:
test.c:245:5: error: ‘main’ defined but not used [-Werror=unused-function]
  245 | int main( int argc, char *argv[] ) {
      |     ^~~~
test.c:7:8: error: ‘_strdup’ defined but not used [-Werror=unused-function]
    7 | char * _strdup(const char * str) {
      |        ^~~~~~~
In file included from test.c:5:
sudoku.c:161:5: error: ‘main’ defined but not used [-Werror=unused-function]
  161 | int main( int argc, char *argv[] ){
      |     ^~~~
cc1: all warnings being treated as errors
Compilation failed
c8e838c
Thu 16 May 2024 04:39:45 AM UTC: 
 sudoku.c | 2 +-
 1 file changed, 1 insertion(+), 1 deletion(-)
test.c:245:5: error: redefinition of ‘main’
  245 | int main( int argc, char *argv[] ) {
      |     ^~~~
In file included from test.c:5:
sudoku.c:161:5: note: previous definition of ‘main’ with type ‘int(int,  char **)’
  161 | int main( int argc, char *argv[] ){
      |     ^~~~
Compilation failed
a2ce893
Thu 16 May 2024 04:40:39 AM UTC: 
 sudoku.c | 4 ++--
 1 file changed, 2 insertions(+), 2 deletions(-)
 tests:  8|1
total_score: 60/70
bdf9b9d
Thu 16 May 2024 04:41:06 AM UTC: 
 sudoku.c | 2 +-
 1 file changed, 1 insertion(+), 1 deletion(-)
In file included from test.c:5:
sudoku.c: In function ‘DFS’:
sudoku.c:142:10: error: implicit declaration of function ‘size’ [-Werror=implicit-function-declaration]
  142 |    while(size(s) != 0)
      |          ^~~~
cc1: all warnings being treated as errors
Compilation failed
f6be170
Thu 16 May 2024 04:45:44 AM UTC: 
 sudoku.c | 15 ++++++++++++++-
 1 file changed, 14 insertions(+), 1 deletion(-)
In file included from test.c:5:
sudoku.c: In function ‘sizeP’:
sudoku.c:150:1: error: control reaches end of non-void function [-Werror=return-type]
  150 | }
      | ^
cc1: all warnings being treated as errors
Compilation failed
ef8fe77
Thu 16 May 2024 04:45:54 AM UTC: 
 sudoku.c | 1 +
 1 file changed, 1 insertion(+)
 tests:  0|0
41dc88a
Thu 16 May 2024 04:46:48 AM UTC: 
 sudoku.c | 4 ++--
 1 file changed, 2 insertions(+), 2 deletions(-)
In file included from test.c:5:
sudoku.c: In function ‘sizeP’:
sudoku.c:147:14: error: passing argument 1 of ‘pop’ from incompatible pointer type [-Werror=incompatible-pointer-types]
  147 |          pop(aux);
      |              ^~~
      |              |
      |              Node *
In file included from test.c:4:
list.h:31:17: note: expected ‘Stack *’ {aka ‘List *’} but argument is of type ‘Node *’
   31 | void pop(Stack* s);
      |          ~~~~~~~^
In file included from test.c:5:
sudoku.c:148:20: error: passing argument 1 of ‘top’ from incompatible pointer type [-Werror=incompatible-pointer-types]
  148 |          aux = top(aux);
      |                    ^~~
      |                    |
      |                    Node *
In file included from test.c:4:
list.h:32:18: note: expected ‘Stack *’ {aka ‘List *’} but argument is of type ‘Node *’
   32 | void* top(Stack* s);
      |           ~~~~~~~^
cc1: all warnings being treated as errors
Compilation failed
a47a206
Thu 16 May 2024 04:47:25 AM UTC: 
 sudoku.c | 7 ++++---
 1 file changed, 4 insertions(+), 3 deletions(-)
 tests:  0|0
9c76541
Thu 16 May 2024 04:50:26 AM UTC: 
 sudoku.c | 15 +--------------
 1 file changed, 1 insertion(+), 14 deletions(-)
 tests:  8|1
total_score: 60/70
9dfbac1
Thu 16 May 2024 04:50:44 AM UTC: 
 sudoku.c | 4 ++--
 1 file changed, 2 insertions(+), 2 deletions(-)
 tests:  0|0
888c522
Thu 16 May 2024 04:51:11 AM UTC: 
 sudoku.c | 4 ++--
 1 file changed, 2 insertions(+), 2 deletions(-)
 tests:  8|1
total_score: 60/70
93e2c35
Thu 16 May 2024 04:54:30 AM UTC: 
 sudoku.c | 21 ++++++++++++++-------
 1 file changed, 14 insertions(+), 7 deletions(-)
 tests:  8|1
total_score: 60/70
c11a5d5
Thu 16 May 2024 04:57:52 AM UTC: 
 sudoku.c | 4 ++--
 1 file changed, 2 insertions(+), 2 deletions(-)
 tests:  8|1
total_score: 60/70
80db0c2
Fri 17 May 2024 03:42:05 PM UTC: 
 sudoku.c | 7 +++----
 1 file changed, 3 insertions(+), 4 deletions(-)
 tests:  8|1
total_score: 60/70
e3c44f3
Fri 17 May 2024 03:42:53 PM UTC: 
 sudoku.c | 4 +---
 1 file changed, 1 insertion(+), 3 deletions(-)
 tests:  8|1
total_score: 60/70
527ccc7
Fri 17 May 2024 03:43:07 PM UTC: 
 sudoku.c | 1 -
 1 file changed, 1 deletion(-)
 tests:  8|1
total_score: 60/70
7a3e570
Fri 17 May 2024 03:43:59 PM UTC: 
 sudoku.c | 2 +-
 1 file changed, 1 insertion(+), 1 deletion(-)
 tests:  7|1
total_score: 55/70
e90ca65
Fri 17 May 2024 03:44:36 PM UTC: 
 sudoku.c | 2 +-
 1 file changed, 1 insertion(+), 1 deletion(-)
 tests:  8|1
total_score: 60/70
34f677d
Fri 17 May 2024 09:18:25 PM UTC: 
 sudoku.c | 1 +
 1 file changed, 1 insertion(+)
 tests:  8|1
total_score: 60/70
2d84e95
